2020-01-09T02:08:42.773Z - normal: Load ~/.CocosCreator/settings.json
2020-01-09T02:08:42.827Z - normal: Initializing Asset Database
2020-01-09T02:08:42.829Z - normal: checking language setting...
2020-01-09T02:08:42.829Z - normal: Language: zh
2020-01-09T02:08:43.417Z - success: preview server running at http://localhost:7456
2020-01-09T02:08:43.431Z - success: protocol editor-framework registered
2020-01-09T02:08:43.431Z - success: protocol app registered
2020-01-09T02:08:43.431Z - success: protocol theme registered
2020-01-09T02:08:43.431Z - success: protocol packages registered
2020-01-09T02:08:43.431Z - success: protocol uuid registerred
2020-01-09T02:08:43.431Z - success: protocol db registerred
2020-01-09T02:08:43.431Z - success: protocol thumbnail registerred
2020-01-09T02:08:43.431Z - success: protocol unpack registerred
2020-01-09T02:08:43.432Z - success: protocol disable-commonjs registerred
2020-01-09T02:08:43.539Z - normal: connected!
2020-01-09T02:08:43.540Z - normal: Check project /Users/icourt/Mine/betta-new-year
2020-01-09T02:08:43.542Z - normal: Initializing project /Users/icourt/Mine/betta-new-year
2020-01-09T02:08:43.566Z - success: adapters loaded
2020-01-09T02:08:43.574Z - success: asset-db-debugger loaded
2020-01-09T02:08:43.667Z - success: fb-audience-network loaded
2020-01-09T02:08:43.699Z - success: fb-live-stream loaded
2020-01-09T02:08:43.702Z - success: google-play-instant loaded
2020-01-09T02:08:43.708Z - success: huawei-runtime loaded
2020-01-09T02:08:43.709Z - success: jkw-adapter loaded
2020-01-09T02:08:43.710Z - success: jsb-adapter loaded
2020-01-09T02:08:43.714Z - success: oppo-runtime loaded
2020-01-09T02:08:43.719Z - success: package-manager loaded
2020-01-09T02:08:43.720Z - success: qtt-adapter loaded
2020-01-09T02:08:43.722Z - success: runtime-dev-tools loaded
2020-01-09T02:08:43.728Z - success: sdkbox loaded
2020-01-09T02:08:43.733Z - success: ui-kit-preview-extra loaded
2020-01-09T02:08:43.738Z - success: ui-kit-preview loaded
2020-01-09T02:08:43.744Z - success: vivo-runtime loaded
2020-01-09T02:08:43.747Z - success: alipay-minigame loaded
2020-01-09T02:08:43.806Z - success: assets loaded
2020-01-09T02:08:43.809Z - success: baidugame-opendata loaded
2020-01-09T02:08:43.811Z - success: baidugame loaded
2020-01-09T02:08:43.815Z - success: builder loaded
2020-01-09T02:08:43.959Z - success: cocos-services loaded
2020-01-09T02:08:43.963Z - success: console loaded
2020-01-09T02:08:43.977Z - success: fb-instant-games loaded
2020-01-09T02:08:43.982Z - success: game-window loaded
2020-01-09T02:08:43.985Z - success: google-instant-games loaded
2020-01-09T02:08:43.991Z - success: hierarchy loaded
2020-01-09T02:08:43.994Z - success: inspector loaded
2020-01-09T02:08:44.351Z - success: cpk-publish loaded
2020-01-09T02:08:44.354Z - success: keystore loaded
2020-01-09T02:08:44.368Z - success: node-library loaded
2020-01-09T02:08:44.375Z - success: open-recent-items loaded
2020-01-09T02:08:44.381Z - success: package-asset loaded
2020-01-09T02:08:44.389Z - success: preferences loaded
2020-01-09T02:08:44.396Z - success: project-exporter loaded
2020-01-09T02:08:44.402Z - success: project-importer loaded
2020-01-09T02:08:44.407Z - success: project-settings loaded
2020-01-09T02:08:44.422Z - success: qtt-runtime loaded
2020-01-09T02:08:44.426Z - success: scene loaded
2020-01-09T02:08:44.427Z - success: simulator-debugger loaded
2020-01-09T02:08:44.428Z - success: sprite-editor loaded
2020-01-09T02:08:44.433Z - success: store loaded
2020-01-09T02:08:44.437Z - success: timeline loaded
2020-01-09T02:08:44.440Z - success: wechatgame-opendata loaded
2020-01-09T02:08:44.444Z - success: wechatgame loaded
2020-01-09T02:08:44.448Z - success: xiaomi-runtime loaded
2020-01-09T02:08:45.514Z - normal: Initializing Cocos2d
2020-01-09T02:08:45.918Z - normal: Initializing engine extends
2020-01-09T02:08:46.319Z - info: Cocos Service load base data!
2020-01-09T02:08:46.492Z - normal: Loading packages
2020-01-09T02:08:46.497Z - normal: Watching packages
2020-01-09T02:08:46.597Z - normal: Run Application
2020-01-09T03:10:32.007Z - info: 只有预制节点 "star" 及其子节点会被保存。
2020-01-09T03:12:12.155Z - info: 只有预制节点 "star" 及其子节点会被保存。
2020-01-09T03:55:27.679Z - info: 只有预制节点 "obstacle" 及其子节点会被保存。
2020-01-09T03:55:29.292Z - info: 只有预制节点 "obstacle" 及其子节点会被保存。
2020-01-09T03:57:05.253Z - info: 只有预制节点 "obstacle" 及其子节点会被保存。
2020-01-09T04:07:19.352Z - info: 只有预制节点 "obstacle" 及其子节点会被保存。
2020-01-09T05:09:21.764Z - info: 只有预制节点 "obstacle" 及其子节点会被保存。
